(graduate) max.peng@store-spice-dolls-8tf-max-peng-master-0:~/graduate$ conv8out mute min
bash: conv8out: command not found
(graduate) max.peng@store-spice-dolls-8tf-max-peng-master-0:~/graduate$ CUDA_VISIBLE_DEVICES=0 python3 /home/max.peng/graduate/code/models/vgg_16_bn_dump_rank.py
mute num:  0
=> loading teacher model checkpoint '/home/max.peng/graduate/vgg_16_bn.pt.pt'
loss ori: 0.30120315551757815 loss mute: 0.30120315551757815
Test set: Average loss: 0.3012, Accuracy: 9396/10000 (94.0%)
mute num:  10
=> loading teacher model checkpoint '/home/max.peng/graduate/vgg_16_bn.pt.pt'
loss ori: 0.30120315551757815 loss mute: 0.3076364135742187
Test set: Average loss: 0.3012, Accuracy: 9396/10000 (94.0%)
mute num:  20
=> loading teacher model checkpoint '/home/max.peng/graduate/vgg_16_bn.pt.pt'
loss ori: 0.30120315551757815 loss mute: 0.312424609375
Test set: Average loss: 0.3012, Accuracy: 9396/10000 (94.0%)
mute num:  30
=> loading teacher model checkpoint '/home/max.peng/graduate/vgg_16_bn.pt.pt'
loss ori: 0.30120315551757815 loss mute: 0.3161814025878906
Test set: Average loss: 0.3012, Accuracy: 9396/10000 (94.0%)
mute num:  40
=> loading teacher model checkpoint '/home/max.peng/graduate/vgg_16_bn.pt.pt'
loss ori: 0.30120315551757815 loss mute: 0.3265625
Test set: Average loss: 0.3012, Accuracy: 9396/10000 (94.0%)
mute num:  50
=> loading teacher model checkpoint '/home/max.peng/graduate/vgg_16_bn.pt.pt'
loss ori: 0.30120315551757815 loss mute: 0.3326363708496094
Test set: Average loss: 0.3012, Accuracy: 9396/10000 (94.0%)
mute num:  60
=> loading teacher model checkpoint '/home/max.peng/graduate/vgg_16_bn.pt.pt'
loss ori: 0.30120315551757815 loss mute: 0.3418072265625
Test set: Average loss: 0.3012, Accuracy: 9396/10000 (94.0%)
mute num:  70
=> loading teacher model checkpoint '/home/max.peng/graduate/vgg_16_bn.pt.pt'
loss ori: 0.30120315551757815 loss mute: 0.3616725158691406
Test set: Average loss: 0.3012, Accuracy: 9396/10000 (94.0%)
mute num:  80
=> loading teacher model checkpoint '/home/max.peng/graduate/vgg_16_bn.pt.pt'
loss ori: 0.30120315551757815 loss mute: 0.3900251770019531
Test set: Average loss: 0.3012, Accuracy: 9396/10000 (94.0%)
mute num:  90
=> loading teacher model checkpoint '/home/max.peng/graduate/vgg_16_bn.pt.pt'
loss ori: 0.30120315551757815 loss mute: 0.43921145629882813
Test set: Average loss: 0.3012, Accuracy: 9396/10000 (94.0%)
mute num:  100
=> loading teacher model checkpoint '/home/max.peng/graduate/vgg_16_bn.pt.pt'
loss ori: 0.30120315551757815 loss mute: 0.49226024780273436
Test set: Average loss: 0.3012, Accuracy: 9396/10000 (94.0%)
mute num:  110
=> loading teacher model checkpoint '/home/max.peng/graduate/vgg_16_bn.pt.pt'
loss ori: 0.30120315551757815 loss mute: 0.5345576904296875
Test set: Average loss: 0.3012, Accuracy: 9396/10000 (94.0%)
mute num:  120
=> loading teacher model checkpoint '/home/max.peng/graduate/vgg_16_bn.pt.pt'
loss ori: 0.30120315551757815 loss mute: 0.5676632263183594
Test set: Average loss: 0.3012, Accuracy: 9396/10000 (94.0%)
mute num:  130
=> loading teacher model checkpoint '/home/max.peng/graduate/vgg_16_bn.pt.pt'
loss ori: 0.30120315551757815 loss mute: 0.6203308288574219
Test set: Average loss: 0.3012, Accuracy: 9396/10000 (94.0%)
mute num:  140
=> loading teacher model checkpoint '/home/max.peng/graduate/vgg_16_bn.pt.pt'
loss ori: 0.30120315551757815 loss mute: 0.6264546142578125
Test set: Average loss: 0.3012, Accuracy: 9396/10000 (94.0%)
mute num:  150
=> loading teacher model checkpoint '/home/max.peng/graduate/vgg_16_bn.pt.pt'
loss ori: 0.30120315551757815 loss mute: 0.7810668212890625
Test set: Average loss: 0.3012, Accuracy: 9396/10000 (94.0%)
mute num:  160
=> loading teacher model checkpoint '/home/max.peng/graduate/vgg_16_bn.pt.pt'
loss ori: 0.30120315551757815 loss mute: 0.8745262573242187
Test set: Average loss: 0.3012, Accuracy: 9396/10000 (94.0%)
mute num:  170
=> loading teacher model checkpoint '/home/max.peng/graduate/vgg_16_bn.pt.pt'
loss ori: 0.30120315551757815 loss mute: 1.0123923095703125
Test set: Average loss: 0.3012, Accuracy: 9396/10000 (94.0%)
mute num:  180
=> loading teacher model checkpoint '/home/max.peng/graduate/vgg_16_bn.pt.pt'
loss ori: 0.30120315551757815 loss mute: 1.244473095703125
Test set: Average loss: 0.3012, Accuracy: 9396/10000 (94.0%)
mute num:  190
=> loading teacher model checkpoint '/home/max.peng/graduate/vgg_16_bn.pt.pt'
loss ori: 0.30120315551757815 loss mute: 1.3587616333007813
Test set: Average loss: 0.3012, Accuracy: 9396/10000 (94.0%)
mute num:  200
=> loading teacher model checkpoint '/home/max.peng/graduate/vgg_16_bn.pt.pt'
loss ori: 0.30120315551757815 loss mute: 1.556587109375
Test set: Average loss: 0.3012, Accuracy: 9396/10000 (94.0%)
mute num:  210
=> loading teacher model checkpoint '/home/max.peng/graduate/vgg_16_bn.pt.pt'
loss ori: 0.30120315551757815 loss mute: 1.84971787109375
Test set: Average loss: 0.3012, Accuracy: 9396/10000 (94.0%)
mute num:  220
=> loading teacher model checkpoint '/home/max.peng/graduate/vgg_16_bn.pt.pt'
loss ori: 0.30120315551757815 loss mute: 2.408339599609375
Test set: Average loss: 0.3012, Accuracy: 9396/10000 (94.0%)
mute num:  230
=> loading teacher model checkpoint '/home/max.peng/graduate/vgg_16_bn.pt.pt'
loss ori: 0.30120315551757815 loss mute: 3.302941259765625
Test set: Average loss: 0.3012, Accuracy: 9396/10000 (94.0%)
mute num:  240
=> loading teacher model checkpoint '/home/max.peng/graduate/vgg_16_bn.pt.pt'
loss ori: 0.30120315551757815 loss mute: 4.49451328125
Test set: Average loss: 0.3012, Accuracy: 9396/10000 (94.0%)
mute num:  250
=> loading teacher model checkpoint '/home/max.peng/graduate/vgg_16_bn.pt.pt'
loss ori: 0.30120315551757815 loss mute: 6.13892744140625
Test set: Average loss: 0.3012, Accuracy: 9396/10000 (94.0%)
mute num:  260
=> loading teacher model checkpoint '/home/max.peng/graduate/vgg_16_bn.pt.pt'
loss ori: 0.30120315551757815 loss mute: 6.667988671875
Test set: Average loss: 0.3012, Accuracy: 9396/10000 (94.0%)
mute num:  270
=> loading teacher model checkpoint '/home/max.peng/graduate/vgg_16_bn.pt.pt'
loss ori: 0.30120315551757815 loss mute: 6.667988671875
Test set: Average loss: 0.3012, Accuracy: 9396/10000 (94.0%)
mute num:  280
=> loading teacher model checkpoint '/home/max.peng/graduate/vgg_16_bn.pt.pt'
loss ori: 0.30120315551757815 loss mute: 6.667988671875
Test set: Average loss: 0.3012, Accuracy: 9396/10000 (94.0%)
mute num:  290
=> loading teacher model checkpoint '/home/max.peng/graduate/vgg_16_bn.pt.pt'
loss ori: 0.30120315551757815 loss mute: 6.667988671875
Test set: Average loss: 0.3012, Accuracy: 9396/10000 (94.0%)
mute num:  300
=> loading teacher model checkpoint '/home/max.peng/graduate/vgg_16_bn.pt.pt'
loss ori: 0.30120315551757815 loss mute: 6.667988671875
Test set: Average loss: 0.3012, Accuracy: 9396/10000 (94.0%)
mute num:  310
=> loading teacher model checkpoint '/home/max.peng/graduate/vgg_16_bn.pt.pt'
loss ori: 0.30120315551757815 loss mute: 6.667988671875
Test set: Average loss: 0.3012, Accuracy: 9396/10000 (94.0%)
mute num:  320
=> loading teacher model checkpoint '/home/max.peng/graduate/vgg_16_bn.pt.pt'
loss ori: 0.30120315551757815 loss mute: 6.667988671875
Test set: Average loss: 0.3012, Accuracy: 9396/10000 (94.0%)
mute num:  330
=> loading teacher model checkpoint '/home/max.peng/graduate/vgg_16_bn.pt.pt'
loss ori: 0.30120315551757815 loss mute: 6.667988671875
Test set: Average loss: 0.3012, Accuracy: 9396/10000 (94.0%)
mute num:  340
=> loading teacher model checkpoint '/home/max.peng/graduate/vgg_16_bn.pt.pt'
loss ori: 0.30120315551757815 loss mute: 6.667988671875
Test set: Average loss: 0.3012, Accuracy: 9396/10000 (94.0%)
mute num:  350
=> loading teacher model checkpoint '/home/max.peng/graduate/vgg_16_bn.pt.pt'
loss ori: 0.30120315551757815 loss mute: 6.667988671875
Test set: Average loss: 0.3012, Accuracy: 9396/10000 (94.0%)
mute num:  360
=> loading teacher model checkpoint '/home/max.peng/graduate/vgg_16_bn.pt.pt'
loss ori: 0.30120315551757815 loss mute: 6.667988671875
Test set: Average loss: 0.3012, Accuracy: 9396/10000 (94.0%)
mute num:  370
=> loading teacher model checkpoint '/home/max.peng/graduate/vgg_16_bn.pt.pt'
loss ori: 0.30120315551757815 loss mute: 6.667988671875
Test set: Average loss: 0.3012, Accuracy: 9396/10000 (94.0%)
mute num:  380
=> loading teacher model checkpoint '/home/max.peng/graduate/vgg_16_bn.pt.pt'
loss ori: 0.30120315551757815 loss mute: 6.667988671875
Test set: Average loss: 0.3012, Accuracy: 9396/10000 (94.0%)
mute num:  390
=> loading teacher model checkpoint '/home/max.peng/graduate/vgg_16_bn.pt.pt'
loss ori: 0.30120315551757815 loss mute: 6.667988671875
Test set: Average loss: 0.3012, Accuracy: 9396/10000 (94.0%)
mute num:  400
=> loading teacher model checkpoint '/home/max.peng/graduate/vgg_16_bn.pt.pt'
loss ori: 0.30120315551757815 loss mute: 6.667988671875
Test set: Average loss: 0.3012, Accuracy: 9396/10000 (94.0%)
mute num:  410
=> loading teacher model checkpoint '/home/max.peng/graduate/vgg_16_bn.pt.pt'
loss ori: 0.30120315551757815 loss mute: 6.667988671875
Test set: Average loss: 0.3012, Accuracy: 9396/10000 (94.0%)
mute num:  420
=> loading teacher model checkpoint '/home/max.peng/graduate/vgg_16_bn.pt.pt'
loss ori: 0.30120315551757815 loss mute: 6.667988671875
Test set: Average loss: 0.3012, Accuracy: 9396/10000 (94.0%)
mute num:  430
=> loading teacher model checkpoint '/home/max.peng/graduate/vgg_16_bn.pt.pt'
loss ori: 0.30120315551757815 loss mute: 6.667988671875
Test set: Average loss: 0.3012, Accuracy: 9396/10000 (94.0%)
mute num:  440
=> loading teacher model checkpoint '/home/max.peng/graduate/vgg_16_bn.pt.pt'
loss ori: 0.30120315551757815 loss mute: 6.667988671875
Test set: Average loss: 0.3012, Accuracy: 9396/10000 (94.0%)
mute num:  450
=> loading teacher model checkpoint '/home/max.peng/graduate/vgg_16_bn.pt.pt'
loss ori: 0.30120315551757815 loss mute: 6.667988671875
Test set: Average loss: 0.3012, Accuracy: 9396/10000 (94.0%)
mute num:  460
=> loading teacher model checkpoint '/home/max.peng/graduate/vgg_16_bn.pt.pt'
loss ori: 0.30120315551757815 loss mute: 6.667988671875
Test set: Average loss: 0.3012, Accuracy: 9396/10000 (94.0%)
mute num:  470
=> loading teacher model checkpoint '/home/max.peng/graduate/vgg_16_bn.pt.pt'
loss ori: 0.30120315551757815 loss mute: 6.667988671875
Test set: Average loss: 0.3012, Accuracy: 9396/10000 (94.0%)
mute num:  480
=> loading teacher model checkpoint '/home/max.peng/graduate/vgg_16_bn.pt.pt'
loss ori: 0.30120315551757815 loss mute: 6.667988671875
Test set: Average loss: 0.3012, Accuracy: 9396/10000 (94.0%)
mute num:  490
=> loading teacher model checkpoint '/home/max.peng/graduate/vgg_16_bn.pt.pt'
loss ori: 0.30120315551757815 loss mute: 6.667988671875
Test set: Average loss: 0.3012, Accuracy: 9396/10000 (94.0%)
mute num:  500
=> loading teacher model checkpoint '/home/max.peng/graduate/vgg_16_bn.pt.pt'
loss ori: 0.30120315551757815 loss mute: 6.667988671875
Test set: Average loss: 0.3012, Accuracy: 9396/10000 (94.0%)
mute num:  510
=> loading teacher model checkpoint '/home/max.peng/graduate/vgg_16_bn.pt.pt'
loss ori: 0.30120315551757815 loss mute: 6.667988671875
Test set: Average loss: 0.3012, Accuracy: 9396/10000 (94.0%)