(graduate) max.peng@store-spice-dolls-8tf-max-peng-master-0:~/graduate$ conv4out mute min
bash: conv4out: command not found
(graduate) max.peng@store-spice-dolls-8tf-max-peng-master-0:~/graduate$ CUDA_VISIBLE_DEVICES=1 python3 /home/max.peng/graduate/code/models/vgg_16_bn_dump_rank.py
mute num:  0
=> loading teacher model checkpoint '/home/max.peng/graduate/vgg_16_bn.pt.pt'
loss ori: 0.30120315551757815 loss mute: 0.30120315551757815
Test set: Average loss: 0.3012, Accuracy: 9396/10000 (94.0%)
mute num:  10
=> loading teacher model checkpoint '/home/max.peng/graduate/vgg_16_bn.pt.pt'
loss ori: 0.30120315551757815 loss mute: 0.4882658447265625
Test set: Average loss: 0.3012, Accuracy: 9396/10000 (94.0%)
mute num:  20
=> loading teacher model checkpoint '/home/max.peng/graduate/vgg_16_bn.pt.pt'
loss ori: 0.30120315551757815 loss mute: 0.8999254150390625
Test set: Average loss: 0.3012, Accuracy: 9396/10000 (94.0%)
mute num:  30
=> loading teacher model checkpoint '/home/max.peng/graduate/vgg_16_bn.pt.pt'
loss ori: 0.30120315551757815 loss mute: 1.5989271240234375
Test set: Average loss: 0.3012, Accuracy: 9396/10000 (94.0%)
mute num:  40
=> loading teacher model checkpoint '/home/max.peng/graduate/vgg_16_bn.pt.pt'
loss ori: 0.30120315551757815 loss mute: 2.19846923828125
Test set: Average loss: 0.3012, Accuracy: 9396/10000 (94.0%)
mute num:  50
=> loading teacher model checkpoint '/home/max.peng/graduate/vgg_16_bn.pt.pt'
loss ori: 0.30120315551757815 loss mute: 3.0890732421875
Test set: Average loss: 0.3012, Accuracy: 9396/10000 (94.0%)
mute num:  60
=> loading teacher model checkpoint '/home/max.peng/graduate/vgg_16_bn.pt.pt'
loss ori: 0.30120315551757815 loss mute: 4.38469111328125
Test set: Average loss: 0.3012, Accuracy: 9396/10000 (94.0%)
mute num:  70
=> loading teacher model checkpoint '/home/max.peng/graduate/vgg_16_bn.pt.pt'
loss ori: 0.30120315551757815 loss mute: 5.194297265625
Test set: Average loss: 0.3012, Accuracy: 9396/10000 (94.0%)
mute num:  80
=> loading teacher model checkpoint '/home/max.peng/graduate/vgg_16_bn.pt.pt'
loss ori: 0.30120315551757815 loss mute: 5.714809375
Test set: Average loss: 0.3012, Accuracy: 9396/10000 (94.0%)
mute num:  90
=> loading teacher model checkpoint '/home/max.peng/graduate/vgg_16_bn.pt.pt'
loss ori: 0.30120315551757815 loss mute: 6.3214505859375
Test set: Average loss: 0.3012, Accuracy: 9396/10000 (94.0%)
mute num:  100
=> loading teacher model checkpoint '/home/max.peng/graduate/vgg_16_bn.pt.pt'
loss ori: 0.30120315551757815 loss mute: 6.04805478515625
Test set: Average loss: 0.3012, Accuracy: 9396/10000 (94.0%)
mute num:  110
=> loading teacher model checkpoint '/home/max.peng/graduate/vgg_16_bn.pt.pt'
loss ori: 0.30120315551757815 loss mute: 5.59135068359375
Test set: Average loss: 0.3012, Accuracy: 9396/10000 (94.0%)
mute num:  120
=> loading teacher model checkpoint '/home/max.peng/graduate/vgg_16_bn.pt.pt'
loss ori: 0.30120315551757815 loss mute: 5.68681728515625
Test set: Average loss: 0.3012, Accuracy: 9396/10000 (94.0%)
mute num:  130
=> loading teacher model checkpoint '/home/max.peng/graduate/vgg_16_bn.pt.pt'
loss ori: 0.30120315551757815 loss mute: 4.76356826171875
Test set: Average loss: 0.3012, Accuracy: 9396/10000 (94.0%)
mute num:  140
=> loading teacher model checkpoint '/home/max.peng/graduate/vgg_16_bn.pt.pt'
loss ori: 0.30120315551757815 loss mute: 4.76356826171875
Test set: Average loss: 0.3012, Accuracy: 9396/10000 (94.0%)
mute num:  150
=> loading teacher model checkpoint '/home/max.peng/graduate/vgg_16_bn.pt.pt'
loss ori: 0.30120315551757815 loss mute: 4.76356826171875
Test set: Average loss: 0.3012, Accuracy: 9396/10000 (94.0%)
mute num:  160
=> loading teacher model checkpoint '/home/max.peng/graduate/vgg_16_bn.pt.pt'
loss ori: 0.30120315551757815 loss mute: 4.76356826171875
Test set: Average loss: 0.3012, Accuracy: 9396/10000 (94.0%)
mute num:  170
=> loading teacher model checkpoint '/home/max.peng/graduate/vgg_16_bn.pt.pt'
loss ori: 0.30120315551757815 loss mute: 4.76356826171875
Test set: Average loss: 0.3012, Accuracy: 9396/10000 (94.0%)
mute num:  180
=> loading teacher model checkpoint '/home/max.peng/graduate/vgg_16_bn.pt.pt'
loss ori: 0.30120315551757815 loss mute: 4.76356826171875
Test set: Average loss: 0.3012, Accuracy: 9396/10000 (94.0%)
mute num:  190
=> loading teacher model checkpoint '/home/max.peng/graduate/vgg_16_bn.pt.pt'
loss ori: 0.30120315551757815 loss mute: 4.76356826171875
Test set: Average loss: 0.3012, Accuracy: 9396/10000 (94.0%)
mute num:  200
=> loading teacher model checkpoint '/home/max.peng/graduate/vgg_16_bn.pt.pt'
loss ori: 0.30120315551757815 loss mute: 4.76356826171875
Test set: Average loss: 0.3012, Accuracy: 9396/10000 (94.0%)
mute num:  210
=> loading teacher model checkpoint '/home/max.peng/graduate/vgg_16_bn.pt.pt'
loss ori: 0.30120315551757815 loss mute: 4.76356826171875
Test set: Average loss: 0.3012, Accuracy: 9396/10000 (94.0%)
mute num:  220
=> loading teacher model checkpoint '/home/max.peng/graduate/vgg_16_bn.pt.pt'
loss ori: 0.30120315551757815 loss mute: 4.76356826171875
Test set: Average loss: 0.3012, Accuracy: 9396/10000 (94.0%)
mute num:  230
=> loading teacher model checkpoint '/home/max.peng/graduate/vgg_16_bn.pt.pt'
loss ori: 0.30120315551757815 loss mute: 4.76356826171875
Test set: Average loss: 0.3012, Accuracy: 9396/10000 (94.0%)
mute num:  240
=> loading teacher model checkpoint '/home/max.peng/graduate/vgg_16_bn.pt.pt'
loss ori: 0.30120315551757815 loss mute: 4.76356826171875
Test set: Average loss: 0.3012, Accuracy: 9396/10000 (94.0%)
mute num:  250
=> loading teacher model checkpoint '/home/max.peng/graduate/vgg_16_bn.pt.pt'
loss ori: 0.30120315551757815 loss mute: 4.76356826171875
Test set: Average loss: 0.3012, Accuracy: 9396/10000 (94.0%)
mute num:  260
=> loading teacher model checkpoint '/home/max.peng/graduate/vgg_16_bn.pt.pt'
loss ori: 0.30120315551757815 loss mute: 4.76356826171875
Test set: Average loss: 0.3012, Accuracy: 9396/10000 (94.0%)
mute num:  270
=> loading teacher model checkpoint '/home/max.peng/graduate/vgg_16_bn.pt.pt'
loss ori: 0.30120315551757815 loss mute: 4.76356826171875
Test set: Average loss: 0.3012, Accuracy: 9396/10000 (94.0%)
mute num:  280
=> loading teacher model checkpoint '/home/max.peng/graduate/vgg_16_bn.pt.pt'
loss ori: 0.30120315551757815 loss mute: 4.76356826171875
Test set: Average loss: 0.3012, Accuracy: 9396/10000 (94.0%)
mute num:  290
=> loading teacher model checkpoint '/home/max.peng/graduate/vgg_16_bn.pt.pt'
loss ori: 0.30120315551757815 loss mute: 4.76356826171875
Test set: Average loss: 0.3012, Accuracy: 9396/10000 (94.0%)
mute num:  300
=> loading teacher model checkpoint '/home/max.peng/graduate/vgg_16_bn.pt.pt'
loss ori: 0.30120315551757815 loss mute: 4.76356826171875
Test set: Average loss: 0.3012, Accuracy: 9396/10000 (94.0%)
mute num:  310
=> loading teacher model checkpoint '/home/max.peng/graduate/vgg_16_bn.pt.pt'
loss ori: 0.30120315551757815 loss mute: 4.76356826171875
Test set: Average loss: 0.3012, Accuracy: 9396/10000 (94.0%)
mute num:  320
=> loading teacher model checkpoint '/home/max.peng/graduate/vgg_16_bn.pt.pt'
loss ori: 0.30120315551757815 loss mute: 4.76356826171875
Test set: Average loss: 0.3012, Accuracy: 9396/10000 (94.0%)
mute num:  330
=> loading teacher model checkpoint '/home/max.peng/graduate/vgg_16_bn.pt.pt'
loss ori: 0.30120315551757815 loss mute: 4.76356826171875
Test set: Average loss: 0.3012, Accuracy: 9396/10000 (94.0%)
mute num:  340
=> loading teacher model checkpoint '/home/max.peng/graduate/vgg_16_bn.pt.pt'
loss ori: 0.30120315551757815 loss mute: 4.76356826171875
Test set: Average loss: 0.3012, Accuracy: 9396/10000 (94.0%)
mute num:  350
=> loading teacher model checkpoint '/home/max.peng/graduate/vgg_16_bn.pt.pt'
loss ori: 0.30120315551757815 loss mute: 4.76356826171875
Test set: Average loss: 0.3012, Accuracy: 9396/10000 (94.0%)
mute num:  360
=> loading teacher model checkpoint '/home/max.peng/graduate/vgg_16_bn.pt.pt'
loss ori: 0.30120315551757815 loss mute: 4.76356826171875
Test set: Average loss: 0.3012, Accuracy: 9396/10000 (94.0%)
mute num:  370
=> loading teacher model checkpoint '/home/max.peng/graduate/vgg_16_bn.pt.pt'
loss ori: 0.30120315551757815 loss mute: 4.76356826171875
Test set: Average loss: 0.3012, Accuracy: 9396/10000 (94.0%)
mute num:  380
=> loading teacher model checkpoint '/home/max.peng/graduate/vgg_16_bn.pt.pt'
loss ori: 0.30120315551757815 loss mute: 4.76356826171875
Test set: Average loss: 0.3012, Accuracy: 9396/10000 (94.0%)
mute num:  390
=> loading teacher model checkpoint '/home/max.peng/graduate/vgg_16_bn.pt.pt'
loss ori: 0.30120315551757815 loss mute: 4.76356826171875
Test set: Average loss: 0.3012, Accuracy: 9396/10000 (94.0%)
mute num:  400
=> loading teacher model checkpoint '/home/max.peng/graduate/vgg_16_bn.pt.pt'
loss ori: 0.30120315551757815 loss mute: 4.76356826171875
Test set: Average loss: 0.3012, Accuracy: 9396/10000 (94.0%)
mute num:  410
=> loading teacher model checkpoint '/home/max.peng/graduate/vgg_16_bn.pt.pt'
loss ori: 0.30120315551757815 loss mute: 4.76356826171875
Test set: Average loss: 0.3012, Accuracy: 9396/10000 (94.0%)
mute num:  420
=> loading teacher model checkpoint '/home/max.peng/graduate/vgg_16_bn.pt.pt'
loss ori: 0.30120315551757815 loss mute: 4.76356826171875
Test set: Average loss: 0.3012, Accuracy: 9396/10000 (94.0%)
mute num:  430
=> loading teacher model checkpoint '/home/max.peng/graduate/vgg_16_bn.pt.pt'
loss ori: 0.30120315551757815 loss mute: 4.76356826171875
Test set: Average loss: 0.3012, Accuracy: 9396/10000 (94.0%)
mute num:  440
=> loading teacher model checkpoint '/home/max.peng/graduate/vgg_16_bn.pt.pt'
loss ori: 0.30120315551757815 loss mute: 4.76356826171875
Test set: Average loss: 0.3012, Accuracy: 9396/10000 (94.0%)
mute num:  450
=> loading teacher model checkpoint '/home/max.peng/graduate/vgg_16_bn.pt.pt'
loss ori: 0.30120315551757815 loss mute: 4.76356826171875
Test set: Average loss: 0.3012, Accuracy: 9396/10000 (94.0%)
mute num:  460
=> loading teacher model checkpoint '/home/max.peng/graduate/vgg_16_bn.pt.pt'
loss ori: 0.30120315551757815 loss mute: 4.76356826171875
Test set: Average loss: 0.3012, Accuracy: 9396/10000 (94.0%)
mute num:  470
=> loading teacher model checkpoint '/home/max.peng/graduate/vgg_16_bn.pt.pt'
loss ori: 0.30120315551757815 loss mute: 4.76356826171875
Test set: Average loss: 0.3012, Accuracy: 9396/10000 (94.0%)
mute num:  480
=> loading teacher model checkpoint '/home/max.peng/graduate/vgg_16_bn.pt.pt'
loss ori: 0.30120315551757815 loss mute: 4.76356826171875
Test set: Average loss: 0.3012, Accuracy: 9396/10000 (94.0%)
mute num:  490
=> loading teacher model checkpoint '/home/max.peng/graduate/vgg_16_bn.pt.pt'
loss ori: 0.30120315551757815 loss mute: 4.76356826171875
Test set: Average loss: 0.3012, Accuracy: 9396/10000 (94.0%)
mute num:  500
=> loading teacher model checkpoint '/home/max.peng/graduate/vgg_16_bn.pt.pt'
loss ori: 0.30120315551757815 loss mute: 4.76356826171875
Test set: Average loss: 0.3012, Accuracy: 9396/10000 (94.0%)
mute num:  510
=> loading teacher model checkpoint '/home/max.peng/graduate/vgg_16_bn.pt.pt'
loss ori: 0.30120315551757815 loss mute: 4.76356826171875
Test set: Average loss: 0.3012, Accuracy: 9396/10000 (94.0%)
(graduate) max.peng@store-spice-dolls-8tf-max-peng-master-0:~/graduate$ 