(graduate) max.peng@door-arise-females-8tc-max-peng-master-0:~/graduate$ conv12 mute min
bash: conv12: command not found
(graduate) max.peng@door-arise-females-8tc-max-peng-master-0:~/graduate$ CUDA_VISIBLE_DEVICES=0 python3 /home/max.peng/graduate/code/models/vgg_16_bn_dump_rank.py    
mute num:  0
=> loading teacher model checkpoint '/home/max.peng/graduate/vgg_16_bn.pt.pt'
loss ori: 0.30120315551757815 loss mute: 0.30120315551757815
Test set: Average loss: 0.3012, Accuracy: 9396/10000 (94.0%)
mute num:  10
=> loading teacher model checkpoint '/home/max.peng/graduate/vgg_16_bn.pt.pt'
loss ori: 0.30120315551757815 loss mute: 0.3011202392578125
Test set: Average loss: 0.3012, Accuracy: 9396/10000 (94.0%)
mute num:  20
=> loading teacher model checkpoint '/home/max.peng/graduate/vgg_16_bn.pt.pt'
loss ori: 0.30120315551757815 loss mute: 0.30034490966796873
Test set: Average loss: 0.3012, Accuracy: 9396/10000 (94.0%)
mute num:  30
=> loading teacher model checkpoint '/home/max.peng/graduate/vgg_16_bn.pt.pt'
loss ori: 0.30120315551757815 loss mute: 0.2990534545898437
Test set: Average loss: 0.3012, Accuracy: 9396/10000 (94.0%)
mute num:  40
=> loading teacher model checkpoint '/home/max.peng/graduate/vgg_16_bn.pt.pt'
loss ori: 0.30120315551757815 loss mute: 0.29713187255859375
Test set: Average loss: 0.3012, Accuracy: 9396/10000 (94.0%)
mute num:  50
=> loading teacher model checkpoint '/home/max.peng/graduate/vgg_16_bn.pt.pt'
loss ori: 0.30120315551757815 loss mute: 0.2949528198242187
Test set: Average loss: 0.3012, Accuracy: 9396/10000 (94.0%)
mute num:  60
=> loading teacher model checkpoint '/home/max.peng/graduate/vgg_16_bn.pt.pt'
loss ori: 0.30120315551757815 loss mute: 0.29323731689453125
Test set: Average loss: 0.3012, Accuracy: 9396/10000 (94.0%)
mute num:  70
=> loading teacher model checkpoint '/home/max.peng/graduate/vgg_16_bn.pt.pt'
loss ori: 0.30120315551757815 loss mute: 0.2914344604492187
Test set: Average loss: 0.3012, Accuracy: 9396/10000 (94.0%)
mute num:  80
=> loading teacher model checkpoint '/home/max.peng/graduate/vgg_16_bn.pt.pt'
loss ori: 0.30120315551757815 loss mute: 0.2897883483886719
Test set: Average loss: 0.3012, Accuracy: 9396/10000 (94.0%)
mute num:  90
=> loading teacher model checkpoint '/home/max.peng/graduate/vgg_16_bn.pt.pt'
loss ori: 0.30120315551757815 loss mute: 0.2882108215332031
Test set: Average loss: 0.3012, Accuracy: 9396/10000 (94.0%)
mute num:  100
=> loading teacher model checkpoint '/home/max.peng/graduate/vgg_16_bn.pt.pt'
loss ori: 0.30120315551757815 loss mute: 0.2867468688964844
Test set: Average loss: 0.3012, Accuracy: 9396/10000 (94.0%)
mute num:  110
=> loading teacher model checkpoint '/home/max.peng/graduate/vgg_16_bn.pt.pt'
loss ori: 0.30120315551757815 loss mute: 0.2845760559082031
Test set: Average loss: 0.3012, Accuracy: 9396/10000 (94.0%)
mute num:  120
=> loading teacher model checkpoint '/home/max.peng/graduate/vgg_16_bn.pt.pt'
loss ori: 0.30120315551757815 loss mute: 0.2831915222167969
Test set: Average loss: 0.3012, Accuracy: 9396/10000 (94.0%)
mute num:  130
=> loading teacher model checkpoint '/home/max.peng/graduate/vgg_16_bn.pt.pt'
loss ori: 0.30120315551757815 loss mute: 0.28083385009765627
Test set: Average loss: 0.3012, Accuracy: 9396/10000 (94.0%)
mute num:  140
=> loading teacher model checkpoint '/home/max.peng/graduate/vgg_16_bn.pt.pt'
loss ori: 0.30120315551757815 loss mute: 0.2793303955078125
Test set: Average loss: 0.3012, Accuracy: 9396/10000 (94.0%)
mute num:  150
=> loading teacher model checkpoint '/home/max.peng/graduate/vgg_16_bn.pt.pt'
loss ori: 0.30120315551757815 loss mute: 0.2772885437011719
Test set: Average loss: 0.3012, Accuracy: 9396/10000 (94.0%)
mute num:  160
=> loading teacher model checkpoint '/home/max.peng/graduate/vgg_16_bn.pt.pt'
loss ori: 0.30120315551757815 loss mute: 0.27544014282226564
Test set: Average loss: 0.3012, Accuracy: 9396/10000 (94.0%)
mute num:  170
=> loading teacher model checkpoint '/home/max.peng/graduate/vgg_16_bn.pt.pt'
loss ori: 0.30120315551757815 loss mute: 0.27492140502929685
Test set: Average loss: 0.3012, Accuracy: 9396/10000 (94.0%)
mute num:  180
=> loading teacher model checkpoint '/home/max.peng/graduate/vgg_16_bn.pt.pt'
loss ori: 0.30120315551757815 loss mute: 0.27337756958007814
Test set: Average loss: 0.3012, Accuracy: 9396/10000 (94.0%)
mute num:  190
=> loading teacher model checkpoint '/home/max.peng/graduate/vgg_16_bn.pt.pt'
loss ori: 0.30120315551757815 loss mute: 0.27194879455566406
Test set: Average loss: 0.3012, Accuracy: 9396/10000 (94.0%)
mute num:  200
=> loading teacher model checkpoint '/home/max.peng/graduate/vgg_16_bn.pt.pt'
loss ori: 0.30120315551757815 loss mute: 0.26936246337890624
Test set: Average loss: 0.3012, Accuracy: 9396/10000 (94.0%)
mute num:  210
=> loading teacher model checkpoint '/home/max.peng/graduate/vgg_16_bn.pt.pt'
loss ori: 0.30120315551757815 loss mute: 0.2669640686035156
Test set: Average loss: 0.3012, Accuracy: 9396/10000 (94.0%)
mute num:  220
=> loading teacher model checkpoint '/home/max.peng/graduate/vgg_16_bn.pt.pt'
loss ori: 0.30120315551757815 loss mute: 0.2644844207763672
Test set: Average loss: 0.3012, Accuracy: 9396/10000 (94.0%)
mute num:  230
=> loading teacher model checkpoint '/home/max.peng/graduate/vgg_16_bn.pt.pt'
loss ori: 0.30120315551757815 loss mute: 0.26283602294921876
Test set: Average loss: 0.3012, Accuracy: 9396/10000 (94.0%)
mute num:  240
=> loading teacher model checkpoint '/home/max.peng/graduate/vgg_16_bn.pt.pt'
loss ori: 0.30120315551757815 loss mute: 0.26092522888183595
Test set: Average loss: 0.3012, Accuracy: 9396/10000 (94.0%)
mute num:  250
=> loading teacher model checkpoint '/home/max.peng/graduate/vgg_16_bn.pt.pt'
loss ori: 0.30120315551757815 loss mute: 0.25960296936035154
Test set: Average loss: 0.3012, Accuracy: 9396/10000 (94.0%)
mute num:  260
=> loading teacher model checkpoint '/home/max.peng/graduate/vgg_16_bn.pt.pt'
loss ori: 0.30120315551757815 loss mute: 0.2568068054199219
Test set: Average loss: 0.3012, Accuracy: 9396/10000 (94.0%)
mute num:  270
=> loading teacher model checkpoint '/home/max.peng/graduate/vgg_16_bn.pt.pt'
loss ori: 0.30120315551757815 loss mute: 0.2555261474609375
Test set: Average loss: 0.3012, Accuracy: 9396/10000 (94.0%)
mute num:  280
=> loading teacher model checkpoint '/home/max.peng/graduate/vgg_16_bn.pt.pt'
loss ori: 0.30120315551757815 loss mute: 0.2556526611328125
Test set: Average loss: 0.3012, Accuracy: 9396/10000 (94.0%)
mute num:  290
=> loading teacher model checkpoint '/home/max.peng/graduate/vgg_16_bn.pt.pt'
loss ori: 0.30120315551757815 loss mute: 0.25521312255859374
Test set: Average loss: 0.3012, Accuracy: 9396/10000 (94.0%)
mute num:  300
=> loading teacher model checkpoint '/home/max.peng/graduate/vgg_16_bn.pt.pt'
loss ori: 0.30120315551757815 loss mute: 0.25490960083007813
Test set: Average loss: 0.3012, Accuracy: 9396/10000 (94.0%)
mute num:  310
=> loading teacher model checkpoint '/home/max.peng/graduate/vgg_16_bn.pt.pt'
loss ori: 0.30120315551757815 loss mute: 0.2552270690917969
Test set: Average loss: 0.3012, Accuracy: 9396/10000 (94.0%)
mute num:  320
=> loading teacher model checkpoint '/home/max.peng/graduate/vgg_16_bn.pt.pt'
loss ori: 0.30120315551757815 loss mute: 0.2601206024169922
Test set: Average loss: 0.3012, Accuracy: 9396/10000 (94.0%)
mute num:  330
=> loading teacher model checkpoint '/home/max.peng/graduate/vgg_16_bn.pt.pt'
loss ori: 0.30120315551757815 loss mute: 0.2655333557128906
Test set: Average loss: 0.3012, Accuracy: 9396/10000 (94.0%)
mute num:  340
=> loading teacher model checkpoint '/home/max.peng/graduate/vgg_16_bn.pt.pt'
loss ori: 0.30120315551757815 loss mute: 0.27695634765625
Test set: Average loss: 0.3012, Accuracy: 9396/10000 (94.0%)
mute num:  350
=> loading teacher model checkpoint '/home/max.peng/graduate/vgg_16_bn.pt.pt'
loss ori: 0.30120315551757815 loss mute: 0.2819797119140625
Test set: Average loss: 0.3012, Accuracy: 9396/10000 (94.0%)
mute num:  360
=> loading teacher model checkpoint '/home/max.peng/graduate/vgg_16_bn.pt.pt'
loss ori: 0.30120315551757815 loss mute: 0.29107117919921877
Test set: Average loss: 0.3012, Accuracy: 9396/10000 (94.0%)
mute num:  370
=> loading teacher model checkpoint '/home/max.peng/graduate/vgg_16_bn.pt.pt'
loss ori: 0.30120315551757815 loss mute: 0.30260733642578125
Test set: Average loss: 0.3012, Accuracy: 9396/10000 (94.0%)
mute num:  380
=> loading teacher model checkpoint '/home/max.peng/graduate/vgg_16_bn.pt.pt'
loss ori: 0.30120315551757815 loss mute: 0.3213740783691406
Test set: Average loss: 0.3012, Accuracy: 9396/10000 (94.0%)
mute num:  390
=> loading teacher model checkpoint '/home/max.peng/graduate/vgg_16_bn.pt.pt'
loss ori: 0.30120315551757815 loss mute: 0.3453020935058594
Test set: Average loss: 0.3012, Accuracy: 9396/10000 (94.0%)
mute num:  400
=> loading teacher model checkpoint '/home/max.peng/graduate/vgg_16_bn.pt.pt'
loss ori: 0.30120315551757815 loss mute: 0.37744178466796874
Test set: Average loss: 0.3012, Accuracy: 9396/10000 (94.0%)
mute num:  410
=> loading teacher model checkpoint '/home/max.peng/graduate/vgg_16_bn.pt.pt'
loss ori: 0.30120315551757815 loss mute: 0.43230974731445315
Test set: Average loss: 0.3012, Accuracy: 9396/10000 (94.0%)
mute num:  420
=> loading teacher model checkpoint '/home/max.peng/graduate/vgg_16_bn.pt.pt'
loss ori: 0.30120315551757815 loss mute: 0.49060060424804686
Test set: Average loss: 0.3012, Accuracy: 9396/10000 (94.0%)
mute num:  430
=> loading teacher model checkpoint '/home/max.peng/graduate/vgg_16_bn.pt.pt'
loss ori: 0.30120315551757815 loss mute: 0.583809033203125
Test set: Average loss: 0.3012, Accuracy: 9396/10000 (94.0%)
mute num:  440
=> loading teacher model checkpoint '/home/max.peng/graduate/vgg_16_bn.pt.pt'
loss ori: 0.30120315551757815 loss mute: 0.7143849609375
Test set: Average loss: 0.3012, Accuracy: 9396/10000 (94.0%)
mute num:  450
=> loading teacher model checkpoint '/home/max.peng/graduate/vgg_16_bn.pt.pt'
loss ori: 0.30120315551757815 loss mute: 0.8814864379882813
Test set: Average loss: 0.3012, Accuracy: 9396/10000 (94.0%)
mute num:  460
=> loading teacher model checkpoint '/home/max.peng/graduate/vgg_16_bn.pt.pt'
loss ori: 0.30120315551757815 loss mute: 1.0693466064453125
Test set: Average loss: 0.3012, Accuracy: 9396/10000 (94.0%)
mute num:  470
=> loading teacher model checkpoint '/home/max.peng/graduate/vgg_16_bn.pt.pt'
loss ori: 0.30120315551757815 loss mute: 1.39253115234375
Test set: Average loss: 0.3012, Accuracy: 9396/10000 (94.0%)
mute num:  480
=> loading teacher model checkpoint '/home/max.peng/graduate/vgg_16_bn.pt.pt'
loss ori: 0.30120315551757815 loss mute: 1.864800048828125
Test set: Average loss: 0.3012, Accuracy: 9396/10000 (94.0%)
mute num:  490
=> loading teacher model checkpoint '/home/max.peng/graduate/vgg_16_bn.pt.pt'
loss ori: 0.30120315551757815 loss mute: 2.311509765625
Test set: Average loss: 0.3012, Accuracy: 9396/10000 (94.0%)
mute num:  500
=> loading teacher model checkpoint '/home/max.peng/graduate/vgg_16_bn.pt.pt'
loss ori: 0.30120315551757815 loss mute: 2.936327978515625
Test set: Average loss: 0.3012, Accuracy: 9396/10000 (94.0%)
mute num:  510
=> loading teacher model checkpoint '/home/max.peng/graduate/vgg_16_bn.pt.pt'
loss ori: 0.30120315551757815 loss mute: 3.787319873046875
Test set: Average loss: 0.3012, Accuracy: 9396/10000 (94.0%)
(graduate) max.peng@door-arise-females-8tc-max-peng-master-0:~/graduate$ 