scale:  0
=> loading teacher model checkpoint '/home/max.peng/graduate/vgg_16_bn.pt.pt'
100%|██████████████████████████████████████████████████████████████████████████████████████████████████████████████████████████████████████████████████| 10/10 [19:55<00:00, 119.58s/it]
Test set: Average loss: 0.3012, Accuracy: 9396/10000 (94.0%)
scale:  1
=> loading teacher model checkpoint '/home/max.peng/graduate/vgg_16_bn.pt.pt'
100%|██████████████████████████████████████████████████████████████████████████████████████████████████████████████████████████████████████████████████| 10/10 [20:06<00:00, 120.70s/it]
Test set: Average loss: 0.3012, Accuracy: 9396/10000 (94.0%)
scale:  2
=> loading teacher model checkpoint '/home/max.peng/graduate/vgg_16_bn.pt.pt'
100%|███████████████████████████████████████████████████████████████████████████████████████████████████████████████████████████████████████████████████| 10/10 [14:53<00:00, 89.32s/it]
Test set: Average loss: 0.6032, Accuracy: 8733/10000 (87.3%)
scale:  3
=> loading teacher model checkpoint '/home/max.peng/graduate/vgg_16_bn.pt.pt'
100%|███████████████████████████████████████████████████████████████████████████████████████████████████████████████████████████████████████████████████| 10/10 [14:47<00:00, 88.77s/it]
Test set: Average loss: 0.6032, Accuracy: 8733/10000 (87.3%)
scale:  4
=> loading teacher model checkpoint '/home/max.peng/graduate/vgg_16_bn.pt.pt'
100%|███████████████████████████████████████████████████████████████████████████████████████████████████████████████████████████████████████████████████| 10/10 [14:46<00:00, 88.60s/it]
Test set: Average loss: 2.4835, Accuracy: 5818/10000 (58.2%)
scale:  5
=> loading teacher model checkpoint '/home/max.peng/graduate/vgg_16_bn.pt.pt'
100%|███████████████████████████████████████████████████████████████████████████████████████████████████████████████████████████████████████████████████| 10/10 [14:55<00:00, 89.54s/it]
Test set: Average loss: 2.4835, Accuracy: 5818/10000 (58.2%)
scale:  6
=> loading teacher model checkpoint '/home/max.peng/graduate/vgg_16_bn.pt.pt'
100%|███████████████████████████████████████████████████████████████████████████████████████████████████████████████████████████████████████████████████| 10/10 [14:59<00:00, 89.99s/it]
Test set: Average loss: 7.0037, Accuracy: 1035/10000 (10.4%)
scale:  7
=> loading teacher model checkpoint '/home/max.peng/graduate/vgg_16_bn.pt.pt'
100%|███████████████████████████████████████████████████████████████████████████████████████████████████████████████████████████████████████████████████| 10/10 [15:02<00:00, 90.26s/it]
Test set: Average loss: 7.0037, Accuracy: 1035/10000 (10.4%)
scale:  8
=> loading teacher model checkpoint '/home/max.peng/graduate/vgg_16_bn.pt.pt'
100%|███████████████████████████████████████████████████████████████████████████████████████████████████████████████████████████████████████████████████| 10/10 [14:47<00:00, 88.80s/it]
Test set: Average loss: 7.2207, Accuracy: 1000/10000 (10.0%)